<?xml version="1.0" encoding="UTF-8"?>
<!-- Generated by org.testng.reporters.JUnitXMLReporter -->
<testsuite ignored="0" hostname="LAPTOP-E0GIFP79" failures="1" tests="1" name="AddToCartTest" time="0.14" errors="0" timestamp="2025-08-19T13:18:16 IST">
  <testcase classname="labsession_19_08.AddtoCart_Ex" name="cart" time="0.026">
    <failure type="java.lang.AssertionError" message="Test failed due to exception: Cannot invoke &amp;quot;org.openqa.selenium.WebDriver.get(String)&amp;quot; because &amp;quot;this.driver&amp;quot; is null">
      <![CDATA[java.lang.AssertionError: Test failed due to exception: Cannot invoke "org.openqa.selenium.WebDriver.get(String)" because "this.driver" is null
at labsession_19_08.AddtoCart_Ex.cart(AddtoCart_Ex.java:117)
at java.base/java.util.ArrayList.forEach(ArrayList.java:1596)
... Removed 26 stack frames]]>
    </failure>
  </testcase> <!-- cart -->
</testsuite> <!-- AddToCartTest -->
