<?xml version="1.0" encoding="UTF-8"?>
<testsuite xmlns:xsi="http://www.w3.org/2001/XMLSchema-instance" xsi:noNamespaceSchemaLocation="https://maven.apache.org/surefire/maven-surefire-plugin/xsd/surefire-test-report-3.0.xsd" version="3.0" name="TestSuite" time="619.354" tests="7" errors="0" skipped="0" failures="2">
  <properties>
[...]
</properties>
  <testcase name="runScenario[&quot;Registration attempt with valid credentials&quot;, &quot;Home page and Account flows&quot;](1)" classname="TestRunner.MyTestRunner" time="127.827">
    <system-out><![CDATA[
Scenario Outline: Registration attempt with valid credentials                                                                  &amp#27;[90m# src/test/resources/Features/Capstone_HomePage.feature:18&amp#27;[0m
Browser launched before scenario
  &amp#27;[32mGiven &amp#27;[0m&amp#27;[32mthe site base URL is &amp#27;[0m&amp#27;[32m&amp#27;[1m"https://westfloridaahec.org"&amp#27;[0m                                                                     &amp#27;[90m# StepDefinations.CapstoneHomePageSteps.the_site_base_url_is(java.lang.String)&amp#27;[0m
  &amp#27;[32mGiven &amp#27;[0m&amp#27;[32mthe user navigates to the &amp#27;[0m&amp#27;[32m&amp#27;[1m"My Account"&amp#27;[0m&amp#27;[32m page&amp#27;[0m                                                                            &amp#27;[90m# StepDefinations.CapstoneHomePageSteps.the_user_navigates_to_the_page(java.lang.String)&amp#27;[0m
  &amp#27;[32mWhen &amp#27;[0m&amp#27;[32mthe user fills the registration form with username &amp#27;[0m&amp#27;[32m&amp#27;[1m"siddhant"&amp#27;[0m&amp#27;[32m, email &amp#27;[0m&amp#27;[32m&amp#27;[1m"nietsiddhant@gmail.com"&amp#27;[0m&amp#27;[32m and password &amp#27;[0m&amp#27;[32m&amp#27;[1m"JBLMAC@123"&amp#27;[0m &amp#27;[90m# StepDefinations.CapstoneHomePageSteps.the_user_fills_the_registration_form_with_username_email_and_password(java.lang.String,java.lang.String,java.lang.String)&amp#27;[0m
Register clicked? true
  &amp#27;[32mAnd &amp#27;[0m&amp#27;[32mthe user clicks the Register button&amp#27;[0m                                                                                      &amp#27;[90m# StepDefinations.CapstoneHomePageSteps.the_user_clicks_the_register_button()&amp#27;[0m
Recorded registration credentials -> username: siddhant, email: nietsiddhant@gmail.com
  &amp#27;[32mThen &amp#27;[0m&amp#27;[32mthe registration attempt should be recorded (success or graceful failure allowed)&amp#27;[0m                                       &amp#27;[90m# StepDefinations.CapstoneHomePageSteps.the_registration_attempt_should_be_recorded_success_or_graceful_failure_allowed()&amp#27;[0m
Browser closed after the scenario
]]></system-out>
    <system-err><![CDATA[SLF4J: Failed to load class "org.slf4j.impl.StaticLoggerBinder".
SLF4J: Defaulting to no-operation (NOP) logger implementation
SLF4J: See http://www.slf4j.org/codes.html#StaticLoggerBinder for further details.
Sept 08, 2025 3:52:07 AM org.openqa.selenium.devtools.CdpVersionFinder findNearestMatch
WARNING: Unable to find an exact match for CDP version 139, returning the closest version; found: 135; Please update to a Selenium version that supports CDP version 139
]]></system-err>
  </testcase>
  <testcase name="runScenario[&quot;Login attempt using previously-registered or fallback credentials&quot;, &quot;Home page and Account flows&quot;](2)" classname="TestRunner.MyTestRunner" time="135.937">
    <failure message="A credential (registered email or username) should have been available for the login attempt. expected [true] but found [false]" type="java.lang.AssertionError"><![CDATA[java.lang.AssertionError: A credential (registered email or username) should have been available for the login attempt. expected [true] but found [false]
	at org.testng.Assert.fail(Assert.java:111)
	at org.testng.Assert.failNotEquals(Assert.java:1578)
	at org.testng.Assert.assertTrue(Assert.java:57)
	at StepDefinations.CapstoneHomePageSteps.the_login_attempt_should_be_recorded_logged_in_indicator_or_graceful_failure(CapstoneHomePageSteps.java:103)
	at ✽.the login attempt should be recorded (logged-in indicator or graceful failure)(file:///Users/siddhantshrivastav/Desktop/Capstone_Project/BDD/src/test/resources/Features/Capstone_HomePage.feature:26)
]]></failure>
    <system-out><![CDATA[
Scenario Outline: Login attempt using previously-registered or fallback credentials               &amp#27;[90m# src/test/resources/Features/Capstone_HomePage.feature:30&amp#27;[0m
Browser launched before scenario
  &amp#27;[32mGiven &amp#27;[0m&amp#27;[32mthe site base URL is &amp#27;[0m&amp#27;[32m&amp#27;[1m"https://westfloridaahec.org"&amp#27;[0m                                        &amp#27;[90m# StepDefinations.CapstoneHomePageSteps.the_site_base_url_is(java.lang.String)&amp#27;[0m
  &amp#27;[32mGiven &amp#27;[0m&amp#27;[32mthe user navigates to the &amp#27;[0m&amp#27;[32m&amp#27;[1m"My Account"&amp#27;[0m&amp#27;[32m page&amp#27;[0m                                               &amp#27;[90m# StepDefinations.CapstoneHomePageSteps.the_user_navigates_to_the_page(java.lang.String)&amp#27;[0m
  &amp#27;[32mWhen &amp#27;[0m&amp#27;[32mthe user logs in with username_or_email &amp#27;[0m&amp#27;[32m&amp#27;[1m"nietsiddhant@gmail.com"&amp#27;[0m&amp#27;[32m and password &amp#27;[0m&amp#27;[32m&amp#27;[1m"JBLMAC@123"&amp#27;[0m &amp#27;[90m# StepDefinations.CapstoneHomePageSteps.the_user_logs_in_with_username_or_email_and_password(java.lang.String,java.lang.String)&amp#27;[0m
  &amp#27;[31mThen &amp#27;[0m&amp#27;[31mthe login attempt should be recorded (logged-in indicator or graceful failure)&amp#27;[0m             &amp#27;[90m# StepDefinations.CapstoneHomePageSteps.the_login_attempt_should_be_recorded_logged_in_indicator_or_graceful_failure()&amp#27;[0m
      &amp#27;[31mjava.lang.AssertionError: A credential (registered email or username) should have been available for the login attempt. expected [true] but found [false]
	at org.testng.Assert.fail(Assert.java:111)
	at org.testng.Assert.failNotEquals(Assert.java:1578)
	at org.testng.Assert.assertTrue(Assert.java:57)
	at StepDefinations.CapstoneHomePageSteps.the_login_attempt_should_be_recorded_logged_in_indicator_or_graceful_failure(CapstoneHomePageSteps.java:103)
	at ✽.the login attempt should be recorded (logged-in indicator or graceful failure)(file:///Users/siddhantshrivastav/Desktop/Capstone_Project/BDD/src/test/resources/Features/Capstone_HomePage.feature:26)
&amp#27;[0m

    Embedding Failed Screenshot [image/png 85010 bytes]

Browser closed after the scenario
]]></system-out>
    <system-err><![CDATA[Sept 08, 2025 3:54:13 AM org.openqa.selenium.devtools.CdpVersionFinder findNearestMatch
WARNING: Unable to find an exact match for CDP version 139, returning the closest version; found: 135; Please update to a Selenium version that supports CDP version 139
]]></system-err>
  </testcase>
  <testcase name="runScenario[&quot;Home page basic verification&quot;, &quot;Home page and Account flows&quot;](3)" classname="TestRunner.MyTestRunner" time="61.075">
    <system-out><![CDATA[
@homebasic
Scenario: Home page basic verification                     &amp#27;[90m# src/test/resources/Features/Capstone_HomePage.feature:33&amp#27;[0m
Browser launched before scenario
  &amp#27;[32mGiven &amp#27;[0m&amp#27;[32mthe site base URL is &amp#27;[0m&amp#27;[32m&amp#27;[1m"https://westfloridaahec.org"&amp#27;[0m &amp#27;[90m# StepDefinations.CapstoneHomePageSteps.the_site_base_url_is(java.lang.String)&amp#27;[0m
  &amp#27;[32mGiven &amp#27;[0m&amp#27;[32mthe user is on the Home page&amp#27;[0m                       &amp#27;[90m# StepDefinations.CapstoneHomePageSteps.the_user_is_on_the_home_page()&amp#27;[0m
  &amp#27;[32mThen &amp#27;[0m&amp#27;[32mthe navigation menu should be present&amp#27;[0m               &amp#27;[90m# StepDefinations.CapstoneHomePageSteps.the_navigation_menu_should_be_present()&amp#27;[0m
  &amp#27;[32mAnd &amp#27;[0m&amp#27;[32mthe search input should be present&amp#27;[0m                   &amp#27;[90m# StepDefinations.CapstoneHomePageSteps.the_search_input_should_be_present()&amp#27;[0m
Browser closed after the scenario
]]></system-out>
    <system-err><![CDATA[Sept 08, 2025 3:56:30 AM org.openqa.selenium.devtools.CdpVersionFinder findNearestMatch
WARNING: Unable to find an exact match for CDP version 139, returning the closest version; found: 135; Please update to a Selenium version that supports CDP version 139
]]></system-err>
  </testcase>
  <testcase name="runScenario[&quot;Hovering Programs menu shows sub-links&quot;, &quot;Home page and Account flows&quot;](4)" classname="TestRunner.MyTestRunner" time="89.328">
    <failure message="Tobacco should be visible under Programs expected [true] but found [false]" type="java.lang.AssertionError"><![CDATA[java.lang.AssertionError: Tobacco should be visible under Programs expected [true] but found [false]
	at org.testng.Assert.fail(Assert.java:111)
	at org.testng.Assert.failNotEquals(Assert.java:1578)
	at org.testng.Assert.assertTrue(Assert.java:57)
	at StepDefinations.CapstoneHomePageSteps.the_link_should_be_visible_under_programs(CapstoneHomePageSteps.java:135)
	at ✽.the "Tobacco" link should be visible under Programs(file:///Users/siddhantshrivastav/Desktop/Capstone_Project/BDD/src/test/resources/Features/Capstone_HomePage.feature:42)
]]></failure>
    <system-out><![CDATA[
@hover @navigation
Scenario: Hovering Programs menu shows sub-links           &amp#27;[90m# src/test/resources/Features/Capstone_HomePage.feature:39&amp#27;[0m
Browser launched before scenario
  &amp#27;[32mGiven &amp#27;[0m&amp#27;[32mthe site base URL is &amp#27;[0m&amp#27;[32m&amp#27;[1m"https://westfloridaahec.org"&amp#27;[0m &amp#27;[90m# StepDefinations.CapstoneHomePageSteps.the_site_base_url_is(java.lang.String)&amp#27;[0m
  &amp#27;[32mGiven &amp#27;[0m&amp#27;[32mthe user is on the Home page&amp#27;[0m                       &amp#27;[90m# StepDefinations.CapstoneHomePageSteps.the_user_is_on_the_home_page()&amp#27;[0m
  &amp#27;[32mWhen &amp#27;[0m&amp#27;[32mthe user hovers over the &amp#27;[0m&amp#27;[32m&amp#27;[1m"Programs"&amp#27;[0m&amp#27;[32m menu&amp#27;[0m            &amp#27;[90m# StepDefinations.CapstoneHomePageSteps.the_user_hovers_over_the_menu(java.lang.String)&amp#27;[0m
  &amp#27;[31mThen &amp#27;[0m&amp#27;[31mthe &amp#27;[0m&amp#27;[31m&amp#27;[1m"Tobacco"&amp#27;[0m&amp#27;[31m link should be visible under Programs&amp#27;[0m &amp#27;[90m# StepDefinations.CapstoneHomePageSteps.the_link_should_be_visible_under_programs(java.lang.String)&amp#27;[0m
      &amp#27;[31mjava.lang.AssertionError: Tobacco should be visible under Programs expected [true] but found [false]
	at org.testng.Assert.fail(Assert.java:111)
	at org.testng.Assert.failNotEquals(Assert.java:1578)
	at org.testng.Assert.assertTrue(Assert.java:57)
	at StepDefinations.CapstoneHomePageSteps.the_link_should_be_visible_under_programs(CapstoneHomePageSteps.java:135)
	at ✽.the "Tobacco" link should be visible under Programs(file:///Users/siddhantshrivastav/Desktop/Capstone_Project/BDD/src/test/resources/Features/Capstone_HomePage.feature:42)
&amp#27;[0m

    Embedding Failed Screenshot [image/png 65169 bytes]

Browser closed after the scenario
]]></system-out>
    <system-err><![CDATA[Sept 08, 2025 3:57:30 AM org.openqa.selenium.devtools.CdpVersionFinder findNearestMatch
WARNING: Unable to find an exact match for CDP version 139, returning the closest version; found: 135; Please update to a Selenium version that supports CDP version 139
]]></system-err>
  </testcase>
  <testcase name="runScenario[&quot;Health programs are listed under Programs&quot;, &quot;Home page and Account flows&quot;](5)" classname="TestRunner.MyTestRunner" time="60.626">
    <system-out><![CDATA[
@programs
Scenario: Health programs are listed under Programs        &amp#27;[90m# src/test/resources/Features/Capstone_HomePage.feature:45&amp#27;[0m
Browser launched before scenario
  &amp#27;[32mGiven &amp#27;[0m&amp#27;[32mthe site base URL is &amp#27;[0m&amp#27;[32m&amp#27;[1m"https://westfloridaahec.org"&amp#27;[0m &amp#27;[90m# StepDefinations.CapstoneHomePageSteps.the_site_base_url_is(java.lang.String)&amp#27;[0m
  &amp#27;[32mGiven &amp#27;[0m&amp#27;[32mthe user is on the Home page&amp#27;[0m                       &amp#27;[90m# StepDefinations.CapstoneHomePageSteps.the_user_is_on_the_home_page()&amp#27;[0m
  &amp#27;[32mWhen &amp#27;[0m&amp#27;[32mthe user expands the Programs menu&amp#27;[0m                  &amp#27;[90m# StepDefinations.CapstoneHomePageSteps.the_user_expands_the_programs_menu()&amp#27;[0m
  &amp#27;[32mThen &amp#27;[0m&amp#27;[32mthe following program links should be visible:&amp#27;[0m      &amp#27;[90m# StepDefinations.CapstoneHomePageSteps.the_following_program_links_should_be_visible(io.cucumber.datatable.DataTable)&amp#27;[0m
    | Tobacco          |
    | AHEC Scholars    |
    | Healthy Aging    |
    | Covering Florida |
Browser closed after the scenario
]]></system-out>
    <system-err><![CDATA[Sept 08, 2025 3:58:59 AM org.openqa.selenium.devtools.CdpVersionFinder findNearestMatch
WARNING: Unable to find an exact match for CDP version 139, returning the closest version; found: 135; Please update to a Selenium version that supports CDP version 139
]]></system-err>
  </testcase>
  <testcase name="runScenario[&quot;At least one expected resource link is present on Home page&quot;, &quot;Home page and Account flows&quot;](6)" classname="TestRunner.MyTestRunner" time="49.492">
    <system-out><![CDATA[
@resources
Scenario: At least one expected resource link is present on Home page &amp#27;[90m# src/test/resources/Features/Capstone_HomePage.feature:55&amp#27;[0m
Browser launched before scenario
  &amp#27;[32mGiven &amp#27;[0m&amp#27;[32mthe site base URL is &amp#27;[0m&amp#27;[32m&amp#27;[1m"https://westfloridaahec.org"&amp#27;[0m            &amp#27;[90m# StepDefinations.CapstoneHomePageSteps.the_site_base_url_is(java.lang.String)&amp#27;[0m
  &amp#27;[32mGiven &amp#27;[0m&amp#27;[32mthe user is on the Home page&amp#27;[0m                                  &amp#27;[90m# StepDefinations.CapstoneHomePageSteps.the_user_is_on_the_home_page()&amp#27;[0m
  &amp#27;[32mThen &amp#27;[0m&amp#27;[32mat least one resource link from the list should be visible:&amp#27;[0m    &amp#27;[90m# StepDefinations.CapstoneHomePageSteps.at_least_one_resource_link_from_the_list_should_be_visible(io.cucumber.datatable.DataTable)&amp#27;[0m
    | Contact Us  |
    | News        |
    | CPR Classes |
    | Shop        |
    | Home        |
Browser closed after the scenario
]]></system-out>
    <system-err><![CDATA[Sept 08, 2025 4:00:01 AM org.openqa.selenium.devtools.CdpVersionFinder findNearestMatch
WARNING: Unable to find an exact match for CDP version 139, returning the closest version; found: 135; Please update to a Selenium version that supports CDP version 139
]]></system-err>
  </testcase>
  <testcase name="runScenario[&quot;Search returns results for a query&quot;, &quot;Home page and Account flows&quot;](7)" classname="TestRunner.MyTestRunner" time="86.068">
    <system-out><![CDATA[
@search
Scenario: Search returns results for a query                &amp#27;[90m# src/test/resources/Features/Capstone_HomePage.feature:65&amp#27;[0m
Browser launched before scenario
  &amp#27;[32mGiven &amp#27;[0m&amp#27;[32mthe site base URL is &amp#27;[0m&amp#27;[32m&amp#27;[1m"https://westfloridaahec.org"&amp#27;[0m  &amp#27;[90m# StepDefinations.CapstoneHomePageSteps.the_site_base_url_is(java.lang.String)&amp#27;[0m
  &amp#27;[32mGiven &amp#27;[0m&amp#27;[32mthe user is on the Home page&amp#27;[0m                        &amp#27;[90m# StepDefinations.CapstoneHomePageSteps.the_user_is_on_the_home_page()&amp#27;[0m
  &amp#27;[32mWhen &amp#27;[0m&amp#27;[32mthe user searches for &amp#27;[0m&amp#27;[32m&amp#27;[1m"tobacco"&amp#27;[0m                      &amp#27;[90m# StepDefinations.CapstoneHomePageSteps.the_user_searches_for(java.lang.String)&amp#27;[0m
  &amp#27;[32mThen &amp#27;[0m&amp#27;[32mthe search results should contain the term &amp#27;[0m&amp#27;[32m&amp#27;[1m"tobacco"&amp#27;[0m &amp#27;[90m# StepDefinations.CapstoneHomePageSteps.the_search_results_should_contain_the_term(java.lang.String)&amp#27;[0m
Browser closed after the scenario
]]></system-out>
    <system-err><![CDATA[Sept 08, 2025 4:00:51 AM org.openqa.selenium.devtools.CdpVersionFinder findNearestMatch
WARNING: Unable to find an exact match for CDP version 139, returning the closest version; found: 135; Please update to a Selenium version that supports CDP version 139
]]></system-err>
  </testcase>
</testsuite>