<?xml version="1.0" encoding="UTF-8"?>
<testng-results ignored="0" total="8" passed="8" failed="0" skipped="0">
  <reporter-output>
  </reporter-output>
  <suite started-at="2025-09-09T09:41:42 IST" name="CucumberSuite" finished-at="2025-09-09T09:43:08 IST" duration-ms="85391">
    <groups>
      <group name="cucumber">
        <method signature="AbstractTestNGCucumberTests.runScenario(io.cucumber.testng.PickleWrapper,io.cucumber.testng.FeatureWrapper)[pri:0, instance:TestRunner.MyTestRunner@37883b97]" name="runScenario" class="io.cucumber.testng.AbstractTestNGCucumberTests"/>
      </group> <!-- cucumber -->
    </groups>
    <test started-at="2025-09-09T09:41:42 IST" name="CucumberTests" finished-at="2025-09-09T09:43:08 IST" duration-ms="85391">
      <class name="TestRunner.MyTestRunner">
        <test-method is-config="true" signature="setUpClass(org.testng.ITestContext)[pri:0, instance:TestRunner.MyTestRunner@37883b97]" started-at="2025-09-09T09:41:42 IST" name="setUpClass" finished-at="2025-09-09T09:41:43 IST" duration-ms="833" status="PASS">
          <params>
            <param index="0">
              <value>
                <![CDATA[org.testng.TestRunner@5dd6f517]]>
              </value>
            </param>
          </params>
          <reporter-output>
          </reporter-output>
        </test-method> <!-- setUpClass -->
        <test-method signature="runScenario(io.cucumber.testng.PickleWrapper,io.cucumber.testng.FeatureWrapper)[pri:0, instance:TestRunner.MyTestRunner@37883b97]" started-at="2025-09-09T09:41:43 IST" name="runScenario" description="Runs Cucumber Scenarios" data-provider="scenarios" finished-at="2025-09-09T09:41:58 IST" duration-ms="15192" status="PASS">
          <params>
            <param index="0">
              <value>
                <![CDATA["Registration attempt with valid credentials"]]>
              </value>
            </param>
            <param index="1">
              <value>
                <![CDATA["Home page and Account flows"]]>
              </value>
            </param>
          </params>
          <reporter-output>
          </reporter-output>
        </test-method> <!-- runScenario -->
        <test-method signature="runScenario(io.cucumber.testng.PickleWrapper,io.cucumber.testng.FeatureWrapper)[pri:0, instance:TestRunner.MyTestRunner@37883b97]" started-at="2025-09-09T09:41:58 IST" name="runScenario" description="Runs Cucumber Scenarios" data-provider="scenarios" finished-at="2025-09-09T09:42:17 IST" duration-ms="18581" status="PASS">
          <params>
            <param index="0">
              <value>
                <![CDATA["Login attempt using previously-registered or fallback credentials"]]>
              </value>
            </param>
            <param index="1">
              <value>
                <![CDATA["Home page and Account flows"]]>
              </value>
            </param>
          </params>
          <reporter-output>
          </reporter-output>
        </test-method> <!-- runScenario -->
        <test-method signature="runScenario(io.cucumber.testng.PickleWrapper,io.cucumber.testng.FeatureWrapper)[pri:0, instance:TestRunner.MyTestRunner@37883b97]" started-at="2025-09-09T09:42:17 IST" name="runScenario" description="Runs Cucumber Scenarios" data-provider="scenarios" finished-at="2025-09-09T09:42:35 IST" duration-ms="17941" status="PASS">
          <params>
            <param index="0">
              <value>
                <![CDATA["Login attempt using previously-registered or fallback credentials"]]>
              </value>
            </param>
            <param index="1">
              <value>
                <![CDATA["Home page and Account flows"]]>
              </value>
            </param>
          </params>
          <reporter-output>
          </reporter-output>
        </test-method> <!-- runScenario -->
        <test-method signature="runScenario(io.cucumber.testng.PickleWrapper,io.cucumber.testng.FeatureWrapper)[pri:0, instance:TestRunner.MyTestRunner@37883b97]" started-at="2025-09-09T09:42:35 IST" name="runScenario" description="Runs Cucumber Scenarios" data-provider="scenarios" finished-at="2025-09-09T09:42:40 IST" duration-ms="5430" status="PASS">
          <params>
            <param index="0">
              <value>
                <![CDATA["Home page basic verification"]]>
              </value>
            </param>
            <param index="1">
              <value>
                <![CDATA["Home page and Account flows"]]>
              </value>
            </param>
          </params>
          <reporter-output>
          </reporter-output>
        </test-method> <!-- runScenario -->
        <test-method signature="runScenario(io.cucumber.testng.PickleWrapper,io.cucumber.testng.FeatureWrapper)[pri:0, instance:TestRunner.MyTestRunner@37883b97]" started-at="2025-09-09T09:42:40 IST" name="runScenario" description="Runs Cucumber Scenarios" data-provider="scenarios" finished-at="2025-09-09T09:42:46 IST" duration-ms="5819" status="PASS">
          <params>
            <param index="0">
              <value>
                <![CDATA["Hovering Programs menu shows sub-links"]]>
              </value>
            </param>
            <param index="1">
              <value>
                <![CDATA["Home page and Account flows"]]>
              </value>
            </param>
          </params>
          <reporter-output>
          </reporter-output>
        </test-method> <!-- runScenario -->
        <test-method signature="runScenario(io.cucumber.testng.PickleWrapper,io.cucumber.testng.FeatureWrapper)[pri:0, instance:TestRunner.MyTestRunner@37883b97]" started-at="2025-09-09T09:42:46 IST" name="runScenario" description="Runs Cucumber Scenarios" data-provider="scenarios" finished-at="2025-09-09T09:42:51 IST" duration-ms="5070" status="PASS">
          <params>
            <param index="0">
              <value>
                <![CDATA["Health programs are listed under Programs"]]>
              </value>
            </param>
            <param index="1">
              <value>
                <![CDATA["Home page and Account flows"]]>
              </value>
            </param>
          </params>
          <reporter-output>
          </reporter-output>
        </test-method> <!-- runScenario -->
        <test-method signature="runScenario(io.cucumber.testng.PickleWrapper,io.cucumber.testng.FeatureWrapper)[pri:0, instance:TestRunner.MyTestRunner@37883b97]" started-at="2025-09-09T09:42:51 IST" name="runScenario" description="Runs Cucumber Scenarios" data-provider="scenarios" finished-at="2025-09-09T09:42:56 IST" duration-ms="4816" status="PASS">
          <params>
            <param index="0">
              <value>
                <![CDATA["At least one expected resource link is present on Home page"]]>
              </value>
            </param>
            <param index="1">
              <value>
                <![CDATA["Home page and Account flows"]]>
              </value>
            </param>
          </params>
          <reporter-output>
          </reporter-output>
        </test-method> <!-- runScenario -->
        <test-method signature="runScenario(io.cucumber.testng.PickleWrapper,io.cucumber.testng.FeatureWrapper)[pri:0, instance:TestRunner.MyTestRunner@37883b97]" started-at="2025-09-09T09:42:56 IST" name="runScenario" description="Runs Cucumber Scenarios" data-provider="scenarios" finished-at="2025-09-09T09:43:03 IST" duration-ms="6758" status="PASS">
          <params>
            <param index="0">
              <value>
                <![CDATA["Search returns results for a query"]]>
              </value>
            </param>
            <param index="1">
              <value>
                <![CDATA["Home page and Account flows"]]>
              </value>
            </param>
          </params>
          <reporter-output>
          </reporter-output>
        </test-method> <!-- runScenario -->
        <test-method is-config="true" signature="tearDownClass()[pri:0, instance:TestRunner.MyTestRunner@37883b97]" started-at="2025-09-09T09:43:03 IST" name="tearDownClass" finished-at="2025-09-09T09:43:08 IST" duration-ms="4852" status="PASS">
          <reporter-output>
          </reporter-output>
        </test-method> <!-- tearDownClass -->
      </class> <!-- TestRunner.MyTestRunner -->
    </test> <!-- CucumberTests -->
  </suite> <!-- CucumberSuite -->
</testng-results>
