<?xml version="1.0" encoding="UTF-8"?>
<!-- Generated by org.testng.reporters.JUnitXMLReporter -->
<testsuite ignored="1" hostname="LAPTOP-E0GIFP79" failures="0" tests="5" name="GroupTest" time="19.945" errors="0" timestamp="2025-08-16T16:32:15 IST">
  <testcase classname="TestNG.TestNGGroups" name="testcase1" time="0.015"/>
  <testcase classname="TestNG.TestNGGroups" name="testcase2" time="0.001"/>
  <testcase classname="TestNG.TestNGGroups" name="testcase4" time="0.002"/>
  <testcase classname="TestNG.TestNGDependency" name="login" time="14.309"/>
  <testcase classname="TestNG.TestNGDependency" name="testcheckbox" time="5.54"/>
  <testcase classname="TestNG.TestNGGroups" name="testcase3" time="0.0">
    <ignored/>
  </testcase> <!-- testcase3 -->
</testsuite> <!-- GroupTest -->
