<?xml version="1.0" encoding="UTF-8"?>
<testng-results ignored="0" total="3" passed="2" failed="1" skipped="0">
  <reporter-output>
  </reporter-output>
  <suite started-at="2025-08-23T12:46:56 IST" name="Functional" finished-at="2025-08-23T12:47:17 IST" duration-ms="20471">
    <groups>
    </groups>
    <test started-at="2025-08-23T12:46:56 IST" name="Functional" finished-at="2025-08-23T12:47:17 IST" duration-ms="20471">
      <class name="TestNG.TestNGParameters">
        <test-method signature="testparameters(java.lang.String,java.lang.String)[pri:0, instance:TestNG.TestNGParameters@65466a6a]" started-at="2025-08-23T12:46:56 IST" name="testparameters" finished-at="2025-08-23T12:46:56 IST" duration-ms="0" status="FAIL">
          <exception class="org.testng.TestNGException">
            <message>
              <![CDATA[
Parameter 'browser' is required by @Test on method testparameters but has not been marked @Optional or defined
in E:\EclipseWorkspace\Selenium-tst\testng19_8.xml]]>
            </message>
            <full-stacktrace>
              <![CDATA[org.testng.TestNGException: 
Parameter 'browser' is required by @Test on method testparameters but has not been marked @Optional or defined
in E:\EclipseWorkspace\Selenium-tst\testng19_8.xml
at org.testng.internal.Parameters.createParams(Parameters.java:267)
at org.testng.internal.Parameters.createParametersForMethod(Parameters.java:355)
at org.testng.internal.Parameters.createParameters(Parameters.java:684)
at org.testng.internal.Parameters.handleParameters(Parameters.java:879)
at org.testng.internal.Parameters.handleParameters(Parameters.java:728)
at org.testng.internal.invokers.ParameterHandler.handleParameters(ParameterHandler.java:72)
at org.testng.internal.invokers.ParameterHandler.createParameters(ParameterHandler.java:51)
at org.testng.internal.invokers.TestInvoker$MethodInvocationAgent.invoke(TestInvoker.java:911)
at org.testng.internal.invokers.TestInvoker.invokeTestMethods(TestInvoker.java:200)
at org.testng.internal.invokers.TestMethodWorker.invokeTestMethods(TestMethodWorker.java:148)
at org.testng.internal.invokers.TestMethodWorker.run(TestMethodWorker.java:128)
at java.base/java.util.concurrent.ThreadPoolExecutor.runWorker(ThreadPoolExecutor.java:1095)
at java.base/java.util.concurrent.ThreadPoolExecutor$Worker.run(ThreadPoolExecutor.java:619)
at java.base/java.lang.Thread.run(Thread.java:1447)
]]>
            </full-stacktrace>
          </exception> <!-- org.testng.TestNGException -->
          <reporter-output>
          </reporter-output>
        </test-method> <!-- testparameters -->
      </class> <!-- TestNG.TestNGParameters -->
      <class name="TestNG.TestNGMultipleTestcases">
        <test-method signature="Alert()[pri:0, instance:TestNG.TestNGMultipleTestcases@20d28811]" started-at="2025-08-23T12:46:56 IST" name="Alert" finished-at="2025-08-23T12:47:11 IST" duration-ms="14470" status="PASS">
          <reporter-output>
          </reporter-output>
        </test-method> <!-- Alert -->
        <test-method signature="launchbrowser()[pri:0, instance:TestNG.TestNGMultipleTestcases@20d28811]" started-at="2025-08-23T12:47:11 IST" name="launchbrowser" finished-at="2025-08-23T12:47:17 IST" duration-ms="5962" status="PASS">
          <reporter-output>
          </reporter-output>
        </test-method> <!-- launchbrowser -->
      </class> <!-- TestNG.TestNGMultipleTestcases -->
    </test> <!-- Functional -->
  </suite> <!-- Functional -->
</testng-results>
