<?xml version="1.0" encoding="UTF-8"?>
<testsuite xmlns:xsi="http://www.w3.org/2001/XMLSchema-instance" xsi:noNamespaceSchemaLocation="https://maven.apache.org/surefire/maven-surefire-plugin/xsd/surefire-test-report.xsd" version="3.0.1" name="TestSuite" time="180.558" tests="9" errors="0" skipped="0" failures="0">
  <properties>
[...]
</properties>
  <testcase name="openWebsite" classname="Healthtest_Capstone_Project_Wipro.WestFlorida_human" time="3.142">
    <system-out><![CDATA[Website Title: Home - West Florida Area Health Education Center, Inc
✅ Test Case 1 Passed: Website opened successfully
]]></system-out>
    <system-err><![CDATA[SLF4J(W): No SLF4J providers were found.
SLF4J(W): Defaulting to no-operation (NOP) logger implementation
SLF4J(W): See https://www.slf4j.org/codes.html#noProviders for further details.
Sep 08, 2025 7:15:37 AM org.openqa.selenium.devtools.CdpVersionFinder findNearestMatch
WARNING: Unable to find CDP implementation matching 140
Sep 08, 2025 7:15:37 AM org.openqa.selenium.chromium.ChromiumDriver lambda$new$4
WARNING: Unable to find version of CDP to use for 140.0.3485.54. You may need to include a dependency on a specific version of the CDP using something similar to `org.seleniumhq.selenium:selenium-devtools-v86:4.31.0` where the version ("v86") matches the version of the chromium-based browser you're using and the version number of the artifact is the same as Selenium's.
]]></system-err>
  </testcase>
  <testcase name="searchAndNavigate[programs](1)" classname="Healthtest_Capstone_Project_Wipro.WestFlorida_human" time="4.812">
    <system-out><![CDATA[Search executed. Current URL: https://westfloridaahec.org/?s=programs
Navigated back to home page via browser back (←).
]]></system-out>
  </testcase>
  <testcase name="homePageNavigationTests" classname="Healthtest_Capstone_Project_Wipro.WestFlorida_human" time="20.535">
    <system-out><![CDATA[✅ Navigated to Quit Tobacco page
✅ Navigated to Healthy Aging Programs
✅ Navigated to Health Insurance Navigation
✅ Navigated to AHEC Scholars
✅ Test Case 4 Passed: Home page navigations verified
]]></system-out>
  </testcase>
  <testcase name="tobaccoProgramTest" classname="Healthtest_Capstone_Project_Wipro.WestFlorida_human" time="4.751">
    <system-out><![CDATA[✅ Reached Tobacco Program page
✅ Quit Tobacco Page Verified
]]></system-out>
  </testcase>
  <testcase name="ahecScholarsProgramTest" classname="Healthtest_Capstone_Project_Wipro.WestFlorida_human" time="112.09">
    <system-out><![CDATA[✅ Test Case 6 Completed: Form submitted (no validation).
]]></system-out>
  </testcase>
  <testcase name="healthyAgingProgramTest" classname="Healthtest_Capstone_Project_Wipro.WestFlorida_human" time="9.647">
    <system-out><![CDATA[✅ Healthy Aging Form Submitted Successfully
✅ Test Case 7 Passed: Healthy Aging
]]></system-out>
  </testcase>
  <testcase name="coveringFloridaProgramTest" classname="Healthtest_Capstone_Project_Wipro.WestFlorida_human" time="14.867">
    <system-out><![CDATA[✅ Test case 8 completed: Form submitted (no validation).
]]></system-out>
  </testcase>
  <testcase name="communityBasedEducationTest" classname="Healthtest_Capstone_Project_Wipro.WestFlorida_human" time="4.033">
    <system-out><![CDATA[✅ Community Based Student Education and Training page verified
✅ Test Case 9 Passed
]]></system-out>
  </testcase>
  <testcase name="continuingEducationServiceTest" classname="Healthtest_Capstone_Project_Wipro.WestFlorida_human" time="2.427">
    <system-out><![CDATA[✅ Continuing Education Services page verified
✅ Test Case 10 Passed
]]></system-out>
  </testcase>
</testsuite>