<?xml version="1.0" encoding="UTF-8"?>
<!-- Generated by org.testng.reporters.JUnitXMLReporter -->
<testsuite ignored="2" hostname="LAPTOP-E0GIFP79" failures="0" tests="2" name="SanitySmokeTests" time="0.078" errors="0" timestamp="2025-08-23T11:55:37 IST">
  <testcase classname="labsession_16_08.GroupTest2" name="createUser" time="0.016"/>
  <testcase classname="labsession_16_08.GroupTest2" name="viewUser" time="0.002"/>
  <testcase classname="labsession_16_08.GroupTest2" name="updateUser" time="0.0">
    <ignored/>
  </testcase> <!-- updateUser -->
  <testcase classname="labsession_16_08.GroupTest2" name="deleteUser" time="0.0">
    <ignored/>
  </testcase> <!-- deleteUser -->
</testsuite> <!-- SanitySmokeTests -->
